<?xml version="1.0" encoding="UTF-8"?>
<!-- Generated by org.testng.reporters.JUnitXMLReporter -->
<testsuite hostname="mudit4653" ignored="0" name="Command line test" tests="6" failures="0" timestamp="10 Apr 2018 08:10:25 GMT" time="175.869" errors="0">
  <testcase name="verifyValidLogin" time="23.273" classname="nagarro.TestBookFlight"/>
  <testcase name="verifyValidLogin" time="19.742" classname="nagarro.TestBookFlight"/>
  <testcase name="verifyValidLogin" time="14.854" classname="nagarro.TestBookFlight"/>
  <testcase name="verifyValidLogin" time="54.821" classname="nagarro.TestMercuryLogin"/>
  <testcase name="verifyValidLogin" time="47.791" classname="nagarro.TestMercuryLogin"/>
  <testcase name="verifyValidLogin" time="14.863" classname="nagarro.TestMercuryLogin"/>
</testsuite> <!-- Command line test -->
