<?xml version="1.0" encoding="UTF-8"?>
<testng-results skipped="0" failed="0" ignored="0" total="6" passed="6">
  <reporter-output>
  </reporter-output>
  <suite name="Command line suite" duration-ms="175869" started-at="2018-04-10T08:07:29Z" finished-at="2018-04-10T08:10:25Z">
    <groups>
    </groups>
    <test name="Command line test" duration-ms="175869" started-at="2018-04-10T08:07:29Z" finished-at="2018-04-10T08:10:25Z">
      <class name="nagarro.TestBookFlight">
        <test-method status="PASS" signature="verifyValidLogin(java.util.Hashtable)[pri:0, instance:nagarro.TestBookFlight@4157f54e]" name="verifyValidLogin" duration-ms="23273" started-at="2018-04-10T08:07:30Z" data-provider="TC_001DataProvider" finished-at="2018-04-10T08:07:53Z">
          <params>
            <param index="0">
              <value>
                <![CDATA[{isTicketLess=true, CreditCardNumber=1234, FirstName=Mudit, LastName=Chahal}]]>
              </value>
            </param>
          </params>
          <reporter-output>
          </reporter-output>
        </test-method> <!-- verifyValidLogin -->
        <test-method status="PASS" signature="verifyValidLogin(java.util.Hashtable)[pri:0, instance:nagarro.TestBookFlight@4157f54e]" name="verifyValidLogin" duration-ms="19742" started-at="2018-04-10T08:07:53Z" data-provider="TC_001DataProvider" finished-at="2018-04-10T08:08:13Z">
          <params>
            <param index="0">
              <value>
                <![CDATA[{isTicketLess=isTicketLess, CreditCardNumber=CreditCardNumber, FirstName=FirstName, LastName=LastName}]]>
              </value>
            </param>
          </params>
          <reporter-output>
          </reporter-output>
        </test-method> <!-- verifyValidLogin -->
        <test-method status="PASS" signature="verifyValidLogin(java.util.Hashtable)[pri:0, instance:nagarro.TestBookFlight@4157f54e]" name="verifyValidLogin" duration-ms="14854" started-at="2018-04-10T08:08:13Z" data-provider="TC_001DataProvider" finished-at="2018-04-10T08:08:28Z">
          <params>
            <param index="0">
              <value>
                <![CDATA[{isTicketLess=true, CreditCardNumber=1234, FirstName=Mudit, LastName=Chahal}]]>
              </value>
            </param>
          </params>
          <reporter-output>
          </reporter-output>
        </test-method> <!-- verifyValidLogin -->
      </class> <!-- nagarro.TestBookFlight -->
      <class name="nagarro.TestMercuryLogin">
        <test-method status="PASS" signature="verifyValidLogin(java.util.Hashtable)[pri:0, instance:nagarro.TestMercuryLogin@15975490]" name="verifyValidLogin" duration-ms="54821" started-at="2018-04-10T08:08:28Z" data-provider="TC_001DataProvider" finished-at="2018-04-10T08:09:23Z">
          <params>
            <param index="0">
              <value>
                <![CDATA[{isTicketLess=true, CreditCardNumber=1234, FirstName=Mudit, LastName=Chahal}]]>
              </value>
            </param>
          </params>
          <reporter-output>
          </reporter-output>
        </test-method> <!-- verifyValidLogin -->
        <test-method status="PASS" signature="verifyValidLogin(java.util.Hashtable)[pri:0, instance:nagarro.TestMercuryLogin@15975490]" name="verifyValidLogin" duration-ms="47791" started-at="2018-04-10T08:09:23Z" data-provider="TC_001DataProvider" finished-at="2018-04-10T08:10:10Z">
          <params>
            <param index="0">
              <value>
                <![CDATA[{isTicketLess=isTicketLess, CreditCardNumber=CreditCardNumber, FirstName=FirstName, LastName=LastName}]]>
              </value>
            </param>
          </params>
          <reporter-output>
          </reporter-output>
        </test-method> <!-- verifyValidLogin -->
        <test-method status="PASS" signature="verifyValidLogin(java.util.Hashtable)[pri:0, instance:nagarro.TestMercuryLogin@15975490]" name="verifyValidLogin" duration-ms="14863" started-at="2018-04-10T08:10:10Z" data-provider="TC_001DataProvider" finished-at="2018-04-10T08:10:25Z">
          <params>
            <param index="0">
              <value>
                <![CDATA[{isTicketLess=true, CreditCardNumber=1234, FirstName=Mudit, LastName=Chahal}]]>
              </value>
            </param>
          </params>
          <reporter-output>
          </reporter-output>
        </test-method> <!-- verifyValidLogin -->
      </class> <!-- nagarro.TestMercuryLogin -->
    </test> <!-- Command line test -->
  </suite> <!-- Command line suite -->
</testng-results>
